<?xml version="1.0" encoding="UTF-8"?>
<testng-results skipped="0" failed="0" ignored="0" total="2" passed="2">
  <reporter-output>
  </reporter-output>
  <suite name="Default suite" duration-ms="125" started-at="2021-07-29T09:21:12Z" finished-at="2021-07-29T09:21:12Z">
    <groups>
    </groups>
    <test name="Default test" duration-ms="125" started-at="2021-07-29T09:21:12Z" finished-at="2021-07-29T09:21:12Z">
      <class name="org.vardhan.AB">
        <test-method status="PASS" signature="beforeClass()[pri:0, instance:org.vardhan.AB@43301423]" name="beforeClass" is-config="true" duration-ms="47" started-at="2021-07-29T09:21:12Z" finished-at="2021-07-29T09:21:12Z">
          <reporter-output>
          </reporter-output>
        </test-method> <!-- beforeClass -->
        <test-method status="PASS" signature="tc0()[pri:0, instance:org.vardhan.AB@43301423]" name="tc0" duration-ms="0" started-at="2021-07-29T09:21:12Z" finished-at="2021-07-29T09:21:12Z">
          <reporter-output>
          </reporter-output>
        </test-method> <!-- tc0 -->
        <test-method status="PASS" signature="beforeMethod()[pri:0, instance:org.vardhan.AB@43301423]" name="beforeMethod" is-config="true" duration-ms="0" started-at="2021-07-29T09:21:12Z" finished-at="2021-07-29T09:21:12Z">
          <reporter-output>
          </reporter-output>
        </test-method> <!-- beforeMethod -->
        <test-method status="PASS" signature="afterMethod()[pri:0, instance:org.vardhan.AB@43301423]" name="afterMethod" is-config="true" duration-ms="0" started-at="2021-07-29T09:21:12Z" finished-at="2021-07-29T09:21:12Z">
          <reporter-output>
          </reporter-output>
        </test-method> <!-- afterMethod -->
        <test-method status="PASS" signature="afterClass()[pri:0, instance:org.vardhan.AB@43301423]" name="afterClass" is-config="true" duration-ms="0" started-at="2021-07-29T09:21:12Z" finished-at="2021-07-29T09:21:12Z">
          <reporter-output>
          </reporter-output>
        </test-method> <!-- afterClass -->
        <test-method status="PASS" signature="beforeMethod()[pri:0, instance:org.vardhan.AB@43301423]" name="beforeMethod" is-config="true" duration-ms="0" started-at="2021-07-29T09:21:12Z" finished-at="2021-07-29T09:21:12Z">
          <reporter-output>
          </reporter-output>
        </test-method> <!-- beforeMethod -->
        <test-method status="PASS" signature="tc01()[pri:0, instance:org.vardhan.AB@43301423]" name="tc01" duration-ms="0" started-at="2021-07-29T09:21:12Z" finished-at="2021-07-29T09:21:12Z">
          <reporter-output>
          </reporter-output>
        </test-method> <!-- tc01 -->
        <test-method status="PASS" signature="afterMethod()[pri:0, instance:org.vardhan.AB@43301423]" name="afterMethod" is-config="true" duration-ms="0" started-at="2021-07-29T09:21:12Z" finished-at="2021-07-29T09:21:12Z">
          <reporter-output>
          </reporter-output>
        </test-method> <!-- afterMethod -->
      </class> <!-- org.vardhan.AB -->
    </test> <!-- Default test -->
  </suite> <!-- Default suite -->
</testng-results>
